[pairs] seed=42 H1N1: valid=199,900 omitted=100
[pairs] seed=42 H3N2: valid=199,553 omitted=447
[pairs] seed=7 H1N1: valid=199,908 omitted=92
[pairs] seed=7 H3N2: valid=199,528 omitted=472
[pairs] seed=123 H1N1: valid=199,901 omitted=99
[pairs] seed=123 H3N2: valid=199,532 omitted=468
[random] random_seed=1000 pair_seed=42 H1N1: rho=-0.0008
[random] random_seed=1000 pair_seed=42 H3N2: rho=-0.0032
[random] random_seed=1000 pair_seed=7 H1N1: rho=-0.0019
[random] random_seed=1000 pair_seed=7 H3N2: rho=-0.0001
[random] random_seed=1000 pair_seed=123 H1N1: rho=-0.0001
[random] random_seed=1000 pair_seed=123 H3N2: rho=0.0014
[random] random_seed=1001 pair_seed=42 H1N1: rho=0.0012
[random] random_seed=1001 pair_seed=42 H3N2: rho=-0.0003
[random] random_seed=1001 pair_seed=7 H1N1: rho=-0.0006
[random] random_seed=1001 pair_seed=7 H3N2: rho=0.0004
[random] random_seed=1001 pair_seed=123 H1N1: rho=0.0053
[random] random_seed=1001 pair_seed=123 H3N2: rho=0.0008
[random] random_seed=1002 pair_seed=42 H1N1: rho=-0.0003
[random] random_seed=1002 pair_seed=42 H3N2: rho=-0.0005
[random] random_seed=1002 pair_seed=7 H1N1: rho=-0.0042
[random] random_seed=1002 pair_seed=7 H3N2: rho=0.0007
[random] random_seed=1002 pair_seed=123 H1N1: rho=0.0006
[random] random_seed=1002 pair_seed=123 H3N2: rho=0.0019
[random] random_seed=1003 pair_seed=42 H1N1: rho=0.0018
[random] random_seed=1003 pair_seed=42 H3N2: rho=-0.0003
[random] random_seed=1003 pair_seed=7 H1N1: rho=-0.0016
[random] random_seed=1003 pair_seed=7 H3N2: rho=0.0005
[random] random_seed=1003 pair_seed=123 H1N1: rho=0.0010
[random] random_seed=1003 pair_seed=123 H3N2: rho=0.0067
[random] random_seed=1004 pair_seed=42 H1N1: rho=0.0001
[random] random_seed=1004 pair_seed=42 H3N2: rho=-0.0022
[random] random_seed=1004 pair_seed=7 H1N1: rho=-0.0019
[random] random_seed=1004 pair_seed=7 H3N2: rho=-0.0028
[random] random_seed=1004 pair_seed=123 H1N1: rho=0.0005
[random] random_seed=1004 pair_seed=123 H3N2: rho=-0.0026
[random] random_seed=1005 pair_seed=42 H1N1: rho=-0.0005
[random] random_seed=1005 pair_seed=42 H3N2: rho=0.0000
[random] random_seed=1005 pair_seed=7 H1N1: rho=-0.0019
[random] random_seed=1005 pair_seed=7 H3N2: rho=-0.0020
[random] random_seed=1005 pair_seed=123 H1N1: rho=0.0015
[random] random_seed=1005 pair_seed=123 H3N2: rho=0.0021
[random] random_seed=1006 pair_seed=42 H1N1: rho=-0.0006
[random] random_seed=1006 pair_seed=42 H3N2: rho=-0.0010
[random] random_seed=1006 pair_seed=7 H1N1: rho=-0.0001
[random] random_seed=1006 pair_seed=7 H3N2: rho=-0.0005
[random] random_seed=1006 pair_seed=123 H1N1: rho=0.0011
[random] random_seed=1006 pair_seed=123 H3N2: rho=0.0007
[random] random_seed=1007 pair_seed=42 H1N1: rho=0.0033
[random] random_seed=1007 pair_seed=42 H3N2: rho=0.0019
[random] random_seed=1007 pair_seed=7 H1N1: rho=0.0004
[random] random_seed=1007 pair_seed=7 H3N2: rho=0.0028
[random] random_seed=1007 pair_seed=123 H1N1: rho=0.0023
[random] random_seed=1007 pair_seed=123 H3N2: rho=-0.0001
[random] random_seed=1008 pair_seed=42 H1N1: rho=-0.0016
[random] random_seed=1008 pair_seed=42 H3N2: rho=0.0019
[random] random_seed=1008 pair_seed=7 H1N1: rho=-0.0013
[random] random_seed=1008 pair_seed=7 H3N2: rho=0.0011
[random] random_seed=1008 pair_seed=123 H1N1: rho=-0.0007
[random] random_seed=1008 pair_seed=123 H3N2: rho=0.0040
[random] random_seed=1009 pair_seed=42 H1N1: rho=0.0025
[random] random_seed=1009 pair_seed=42 H3N2: rho=0.0037
[random] random_seed=1009 pair_seed=7 H1N1: rho=-0.0027
[random] random_seed=1009 pair_seed=7 H3N2: rho=-0.0010
[random] random_seed=1009 pair_seed=123 H1N1: rho=0.0028
[random] random_seed=1009 pair_seed=123 H3N2: rho=-0.0012
JSON: paper_revision_outputs/random_embedding_baseline_results.json
Summary: paper_revision_outputs/random_embedding_baseline_summary.md
Runtime seconds: 11.2
